<?xml version="1.0" encoding="UTF-8"?>
<!-- Generated by org.testng.reporters.JUnitXMLReporter -->
<testsuite hostname="DESKTOP-2JV4QRQ" ignored="0" name="Device 1" tests="4" failures="0" timestamp="10 Feb 2023 11:04:50 GMT" time="90.206" errors="0">
  <testcase name="verifyBlazeLinksOnGoogleSearchPage" time="0.324" classname="demoblaze.testcase.RegisterTestCase"/>
  <testcase name="verifyUserShouldBeNavigateToBlazeHomePage" time="4.479" classname="demoblaze.testcase.RegisterTestCase"/>
  <testcase name="verifyUserShouldBeNavigateToSignUpPage" time="7.465" classname="demoblaze.testcase.RegisterTestCase"/>
  <testcase name="VerifyUserShouldGetWelcomeMessageAfterLogin" time="15.266" classname="demoblaze.testcase.RegisterTestCase"/>
</testsuite> <!-- Device 1 -->
