<?xml version="1.0" encoding="UTF-8"?>
<testsuite xmlns:xsi="http://www.w3.org/2001/XMLSchema-instance" xsi:noNamespaceSchemaLocation="https://maven.apache.org/surefire/maven-surefire-plugin/xsd/surefire-test-report-3.0.xsd" version="3.0" name="TestSuite" time="91.057" tests="4" errors="0" skipped="0" failures="0">
  <properties>
[...]
</properties>
  <testcase name="verifyBlazeLinksOnGoogleSearchPage" classname="demoblaze.testcase.RegisterTestCase" time="0.275">
    <system-out><![CDATA[I am in chrome
INFO  - WebDriverManager           - Using chromedriver 109.0.5414.74 (resolved driver for Chrome 109)
INFO  - WebDriverManager           - Exporting webdriver.chrome.driver as C:\Users\91937\.cache\selenium\chromedriver\win32\109.0.5414.74\chromedriver.exe
list files 2
 abs C:\Users\91937\IdeaProjects\demoblaze\src\test\resources\staging.configuration\browser.properties
 abs C:\Users\91937\IdeaProjects\demoblaze\src\test\resources\staging.configuration\demoblaze.properties
INFO  - BaseClass                  - navigating to pbl webapp https://www.google.com/
]]></system-out>
    <system-err><![CDATA[Starting ChromeDriver 109.0.5414.74 (e7c5703604daa9cc128ccf5a5d3e993513758913-refs/branch-heads/5414@{#1172}) on port 59055
Only local connections are allowed.
Please see https://chromedriver.chromium.org/security-considerations for suggestions on keeping ChromeDriver safe.
ChromeDriver was started successfully.
Feb 10, 2023 4:33:24 PM org.openqa.selenium.remote.ProtocolHandshake createSession
INFO: Detected upstream dialect: W3C
Feb 10, 2023 4:33:24 PM org.openqa.selenium.devtools.CdpVersionFinder findNearestMatch
WARNING: Unable to find an exact match for CDP version 109, so returning the closest version found: a no-op implementation
Feb 10, 2023 4:33:24 PM org.openqa.selenium.devtools.CdpVersionFinder findNearestMatch
INFO: Unable to find CDP implementation matching 109.
Feb 10, 2023 4:33:24 PM org.openqa.selenium.chromium.ChromiumDriver lambda$new$3
WARNING: Unable to find version of CDP to use for . You may need to include a dependency on a specific version of the CDP using something similar to `org.seleniumhq.selenium:selenium-devtools-v86:4.4.0` where the version ("v86") matches the version of the chromium-based browser you're using and the version number of the artifact is the same as Selenium's.
]]></system-err>
  </testcase>
  <testcase name="verifyUserShouldBeNavigateToBlazeHomePage" classname="demoblaze.testcase.RegisterTestCase" time="4.464">
    <system-out><![CDATA[I am in chrome
INFO  - WebDriverManager           - Using chromedriver 109.0.5414.74 (resolved driver for Chrome 109)
INFO  - WebDriverManager           - Exporting webdriver.chrome.driver as C:\Users\91937\.cache\selenium\chromedriver\win32\109.0.5414.74\chromedriver.exe
INFO  - BaseClass                  - navigating to pbl webapp https://www.google.com/
]]></system-out>
    <system-err><![CDATA[Starting ChromeDriver 109.0.5414.74 (e7c5703604daa9cc128ccf5a5d3e993513758913-refs/branch-heads/5414@{#1172}) on port 63960
Only local connections are allowed.
Please see https://chromedriver.chromium.org/security-considerations for suggestions on keeping ChromeDriver safe.
ChromeDriver was started successfully.
Feb 10, 2023 4:33:41 PM org.openqa.selenium.remote.ProtocolHandshake createSession
INFO: Detected upstream dialect: W3C
Feb 10, 2023 4:33:41 PM org.openqa.selenium.devtools.CdpVersionFinder findNearestMatch
WARNING: Unable to find an exact match for CDP version 109, so returning the closest version found: a no-op implementation
Feb 10, 2023 4:33:41 PM org.openqa.selenium.devtools.CdpVersionFinder findNearestMatch
INFO: Unable to find CDP implementation matching 109.
Feb 10, 2023 4:33:41 PM org.openqa.selenium.chromium.ChromiumDriver lambda$new$3
WARNING: Unable to find version of CDP to use for . You may need to include a dependency on a specific version of the CDP using something similar to `org.seleniumhq.selenium:selenium-devtools-v86:4.4.0` where the version ("v86") matches the version of the chromium-based browser you're using and the version number of the artifact is the same as Selenium's.
]]></system-err>
  </testcase>
  <testcase name="verifyUserShouldBeNavigateToSignUpPage" classname="demoblaze.testcase.RegisterTestCase" time="7.448">
    <system-out><![CDATA[I am in chrome
INFO  - WebDriverManager           - Using chromedriver 109.0.5414.74 (resolved driver for Chrome 109)
INFO  - WebDriverManager           - Exporting webdriver.chrome.driver as C:\Users\91937\.cache\selenium\chromedriver\win32\109.0.5414.74\chromedriver.exe
INFO  - BaseClass                  - navigating to pbl webapp https://www.google.com/
]]></system-out>
    <system-err><![CDATA[Starting ChromeDriver 109.0.5414.74 (e7c5703604daa9cc128ccf5a5d3e993513758913-refs/branch-heads/5414@{#1172}) on port 65458
Only local connections are allowed.
Please see https://chromedriver.chromium.org/security-considerations for suggestions on keeping ChromeDriver safe.
ChromeDriver was started successfully.
Feb 10, 2023 4:34:03 PM org.openqa.selenium.remote.ProtocolHandshake createSession
INFO: Detected upstream dialect: W3C
Feb 10, 2023 4:34:03 PM org.openqa.selenium.devtools.CdpVersionFinder findNearestMatch
WARNING: Unable to find an exact match for CDP version 109, so returning the closest version found: a no-op implementation
Feb 10, 2023 4:34:03 PM org.openqa.selenium.devtools.CdpVersionFinder findNearestMatch
INFO: Unable to find CDP implementation matching 109.
Feb 10, 2023 4:34:03 PM org.openqa.selenium.chromium.ChromiumDriver lambda$new$3
WARNING: Unable to find version of CDP to use for . You may need to include a dependency on a specific version of the CDP using something similar to `org.seleniumhq.selenium:selenium-devtools-v86:4.4.0` where the version ("v86") matches the version of the chromium-based browser you're using and the version number of the artifact is the same as Selenium's.
]]></system-err>
  </testcase>
  <testcase name="VerifyUserShouldGetWelcomeMessageAfterLogin" classname="demoblaze.testcase.RegisterTestCase" time="15.247">
    <system-out><![CDATA[I am in chrome
INFO  - WebDriverManager           - Using chromedriver 109.0.5414.74 (resolved driver for Chrome 109)
INFO  - WebDriverManager           - Exporting webdriver.chrome.driver as C:\Users\91937\.cache\selenium\chromedriver\win32\109.0.5414.74\chromedriver.exe
INFO  - BaseClass                  - navigating to pbl webapp https://www.google.com/
]]></system-out>
    <system-err><![CDATA[Starting ChromeDriver 109.0.5414.74 (e7c5703604daa9cc128ccf5a5d3e993513758913-refs/branch-heads/5414@{#1172}) on port 62875
Only local connections are allowed.
Please see https://chromedriver.chromium.org/security-considerations for suggestions on keeping ChromeDriver safe.
ChromeDriver was started successfully.
Feb 10, 2023 4:34:25 PM org.openqa.selenium.remote.ProtocolHandshake createSession
INFO: Detected upstream dialect: W3C
Feb 10, 2023 4:34:25 PM org.openqa.selenium.devtools.CdpVersionFinder findNearestMatch
WARNING: Unable to find an exact match for CDP version 109, so returning the closest version found: a no-op implementation
Feb 10, 2023 4:34:25 PM org.openqa.selenium.devtools.CdpVersionFinder findNearestMatch
INFO: Unable to find CDP implementation matching 109.
Feb 10, 2023 4:34:25 PM org.openqa.selenium.chromium.ChromiumDriver lambda$new$3
WARNING: Unable to find version of CDP to use for . You may need to include a dependency on a specific version of the CDP using something similar to `org.seleniumhq.selenium:selenium-devtools-v86:4.4.0` where the version ("v86") matches the version of the chromium-based browser you're using and the version number of the artifact is the same as Selenium's.
]]></system-err>
  </testcase>
</testsuite>